<?xml version="1.0" encoding="UTF-8"?>
<!-- Generated by org.testng.reporters.JUnitReportReporter -->
<testsuite skipped="0" hostname="JOY" name="TESTNGFW.BeforeAfterMethodExample" tests="24" failures="0" timestamp="24 Jul 2017 18:03:57 GMT" time="0.181" errors="0">
  <testcase name="verifylang" time="0.025" classname="TESTNGFW.BeforeAfterMethodExample"/>
  <testcase name="verifylang" time="0.016" classname="TESTNGFW.BeforeAfterMethodExample"/>
  <testcase name="verifylang" time="0.021" classname="TESTNGFW.BeforeAfterMethodExample"/>
  <testcase name="verifydept" time="0.011" classname="TESTNGFW.BeforeAfterMethodExample"/>
  <testcase name="verifydept" time="0.002" classname="TESTNGFW.BeforeAfterMethodExample"/>
  <testcase name="verifydept" time="0.002" classname="TESTNGFW.BeforeAfterMethodExample"/>
  <testcase name="verifycart" time="0.008" classname="TESTNGFW.BeforeAfterMethodExample"/>
  <testcase name="verifycart" time="0.004" classname="TESTNGFW.BeforeAfterMethodExample"/>
  <testcase name="verifycart" time="0.000" classname="TESTNGFW.BeforeAfterMethodExample"/>
  <testcase name="verifycart" time="0.003" classname="TESTNGFW.BeforeAfterMethodExample"/>
  <testcase name="verifycart" time="0.002" classname="TESTNGFW.BeforeAfterMethodExample"/>
  <testcase name="verifycart" time="0.040" classname="TESTNGFW.BeforeAfterMethodExample"/>
  <testcase name="verifycart" time="0.001" classname="TESTNGFW.BeforeAfterMethodExample"/>
  <testcase name="verifycart" time="0.002" classname="TESTNGFW.BeforeAfterMethodExample"/>
  <testcase name="verifycart" time="0.011" classname="TESTNGFW.BeforeAfterMethodExample"/>
  <testcase name="verifycart" time="0.004" classname="TESTNGFW.BeforeAfterMethodExample"/>
  <testcase name="verifycart" time="0.003" classname="TESTNGFW.BeforeAfterMethodExample"/>
  <testcase name="verifycart" time="0.004" classname="TESTNGFW.BeforeAfterMethodExample"/>
  <testcase name="verifycart" time="0.001" classname="TESTNGFW.BeforeAfterMethodExample"/>
  <testcase name="verifycart" time="0.002" classname="TESTNGFW.BeforeAfterMethodExample"/>
  <testcase name="verifycart" time="0.005" classname="TESTNGFW.BeforeAfterMethodExample"/>
  <testcase name="verifycart" time="0.005" classname="TESTNGFW.BeforeAfterMethodExample"/>
  <testcase name="verifycart" time="0.006" classname="TESTNGFW.BeforeAfterMethodExample"/>
  <testcase name="verifycart" time="0.003" classname="TESTNGFW.BeforeAfterMethodExample"/>
</testsuite> <!-- TESTNGFW.BeforeAfterMethodExample -->
