<?xml version="1.0" encoding="UTF-8"?>
<!-- Generated by org.testng.reporters.JUnitReportReporter -->
<testsuite skipped="0" hostname="JOY" name="TESTNGFW.BeforeAfterMethodExample1" tests="9" failures="0" timestamp="24 Jul 2017 18:03:57 GMT" time="0.030" errors="0">
  <testcase name="verifyprodprice" time="0.001" classname="TESTNGFW.BeforeAfterMethodExample1"/>
  <testcase name="verifyprodprice" time="0.001" classname="TESTNGFW.BeforeAfterMethodExample1"/>
  <testcase name="verifyprodprice" time="0.006" classname="TESTNGFW.BeforeAfterMethodExample1"/>
  <testcase name="verifyprodimg" time="0.001" classname="TESTNGFW.BeforeAfterMethodExample1"/>
  <testcase name="verifyprodimg" time="0.001" classname="TESTNGFW.BeforeAfterMethodExample1"/>
  <testcase name="verifyprodimg" time="0.005" classname="TESTNGFW.BeforeAfterMethodExample1"/>
  <testcase name="verifyprodava" time="0.013" classname="TESTNGFW.BeforeAfterMethodExample1"/>
  <testcase name="verifyprodava" time="0.000" classname="TESTNGFW.BeforeAfterMethodExample1"/>
  <testcase name="verifyprodava" time="0.002" classname="TESTNGFW.BeforeAfterMethodExample1"/>
</testsuite> <!-- TESTNGFW.BeforeAfterMethodExample1 -->
