<?xml version="1.0" encoding="UTF-8"?>
<!-- Generated by org.testng.reporters.JUnitReportReporter -->
<testsuite skipped="0" hostname="JOY" name="TESTNGFW.Testngexample" tests="5" failures="0" timestamp="21 Jul 2017 02:25:42 GMT" time="0.075" errors="0">
  <testcase name="E" time="0.055" classname="TESTNGFW.Testngexample"/>
  <testcase name="C" time="0.003" classname="TESTNGFW.Testngexample"/>
  <testcase name="A" time="0.003" classname="TESTNGFW.Testngexample"/>
  <testcase name="B" time="0.012" classname="TESTNGFW.Testngexample"/>
  <testcase name="D" time="0.002" classname="TESTNGFW.Testngexample"/>
</testsuite> <!-- TESTNGFW.Testngexample -->
